c:\users\steven\documents\visual studio 2013\projects\nailart\nailart\x64\release\moc_mainwindow.obj
c:\users\steven\documents\visual studio 2013\projects\nailart\nailart\x64\release\glwidget.obj
c:\users\steven\documents\visual studio 2013\projects\nailart\nailart\x64\release\mainwindow.obj
c:\users\steven\documents\visual studio 2013\projects\nailart\nailart\x64\release\main.obj
c:\users\steven\documents\visual studio 2013\projects\nailart\nailart\x64\release\change.obj
c:\users\steven\documents\visual studio 2013\projects\nailart\nailart\x64\release\moc_glwidget.obj
c:\users\steven\documents\visual studio 2013\projects\nailart\nailart\x64\release\vc120.pdb
c:\users\steven\documents\visual studio 2013\projects\nailart\nailart\moc\moc_glwidget.cpp
c:\users\steven\documents\visual studio 2013\projects\nailart\nailart\moc\moc_mainwindow.cpp
c:\users\steven\documents\visual studio 2013\projects\nailart\nailart\x64\release\nailart.tlog\cl.command.1.tlog
c:\users\steven\documents\visual studio 2013\projects\nailart\nailart\x64\release\nailart.tlog\cl.read.1.tlog
c:\users\steven\documents\visual studio 2013\projects\nailart\nailart\x64\release\nailart.tlog\cl.write.1.tlog
c:\users\steven\documents\visual studio 2013\projects\nailart\nailart\x64\release\nailart.tlog\custombuild.command.1.tlog
c:\users\steven\documents\visual studio 2013\projects\nailart\nailart\x64\release\nailart.tlog\custombuild.read.1.tlog
c:\users\steven\documents\visual studio 2013\projects\nailart\nailart\x64\release\nailart.tlog\custombuild.write.1.tlog
c:\users\steven\documents\visual studio 2013\projects\nailart\nailart\x64\release\nailart.tlog\link-cvtres.read.1.tlog
c:\users\steven\documents\visual studio 2013\projects\nailart\nailart\x64\release\nailart.tlog\link-cvtres.write.1.tlog
c:\users\steven\documents\visual studio 2013\projects\nailart\nailart\x64\release\nailart.tlog\link-rc.read.1.tlog
c:\users\steven\documents\visual studio 2013\projects\nailart\nailart\x64\release\nailart.tlog\link-rc.write.1.tlog
c:\users\steven\documents\visual studio 2013\projects\nailart\nailart\x64\release\nailart.tlog\link.command.1.tlog
c:\users\steven\documents\visual studio 2013\projects\nailart\nailart\x64\release\nailart.tlog\link.read.1.tlog
c:\users\steven\documents\visual studio 2013\projects\nailart\nailart\x64\release\nailart.tlog\link.write.1.tlog
